[03:55:23.376] [INFO] Storybook upgrade - v10.2.6
[03:55:23.380] [INFO] Detecting projects...
[03:55:23.380] [DEBUG] Finding Storybook projects...
[03:55:23.438] [DEBUG] Found 1 Storybook projects
[03:55:23.440] [INFO] Detecting projects: 1 projects
[03:55:23.440] [DEBUG] Getting Storybook data...
[03:55:23.441] [DEBUG] Getting Storybook info...
[03:55:23.585] [DEBUG] Loading main config...
[03:55:23.585] [DEBUG] Getting stories paths...
[03:55:23.616] [DEBUG] Getting package manager...
[03:55:25.822] [DEBUG] Getting package.json info for /home/osamah/kflow.ai.builder/packages/almadar-ui/package.json...
[03:55:25.822] [DEBUG] Getting Storybook version...
[03:55:25.822] [DEBUG] Detecting CSF factory usage...
[03:55:25.886] [DEBUG] /packages/almadar-ui/.storybook - Validating before version... 8.6.15
[03:55:25.886] [DEBUG] /packages/almadar-ui/.storybook - Validating upgrade compatibility...
[03:55:25.886] [DEBUG] /packages/almadar-ui/.storybook - Fetching NPM version information...
[03:55:25.887] [DEBUG] Getting CLI versions from NPM for storybook...
[03:55:25.887] [DEBUG] Executing command: npm info storybook version
[03:55:25.909] [DEBUG] Getting CLI versions from NPM for storybook@next...
[03:55:25.909] [DEBUG] Executing command: npm info storybook@next version
[03:55:26.822] [DEBUG] /packages/almadar-ui/.storybook - Evaluating blockers...
[03:55:26.841] [DEBUG] Getting installed version for @storybook/experimental-addon-test...
[03:55:26.841] [DEBUG] Executing command: npm ls --json --depth=99 2>/dev/null
[03:55:37.734] [DEBUG] Executing command: npm ls --json --depth=0 2>/dev/null
[03:55:42.662] [DEBUG] Error finding installations for @storybook/experimental-addon-test: ExecaError: Command failed with exit code 1: npm ls --json '--depth=0' '2>/dev/null'

{
  "version": "1.0.0",
  "name": "@almadar/ui"
}
[03:55:42.662] [DEBUG] No installations found for @storybook/experimental-addon-test
[03:55:42.663] [INFO] 1 project detected
[03:55:42.663] [DEBUG] Found 1 valid projects and 0 error projects
[03:55:42.663] [INFO] Upgrading from 8.6.15 to 10.2.6
[03:55:42.664] [DEBUG] Updating dependencies in /packages/almadar-ui/.storybook...
[03:55:42.664] [INFO] /packages/almadar-ui/package.json
/package.json
[03:55:42.665] [DEBUG] Using cached package.json for /home/osamah/kflow.ai.builder/packages/almadar-ui/package.json...
[03:55:42.666] [DEBUG] {
  "upgradedDependencies": []
}
[03:55:42.666] [DEBUG] {
  "upgradedDevDependencies": [
    "@storybook/addon-links@^10.2.6",
    "@storybook/addon-themes@^10.2.6",
    "@storybook/react@^10.2.6",
    "@storybook/react-vite@^10.2.6",
    "storybook@^10.2.6"
  ]
}
[03:55:42.666] [DEBUG] {
  "upgradedPeerDependencies": []
}
[03:55:42.666] [DEBUG] Getting package.json info for /home/osamah/kflow.ai.builder/packages/almadar-ui/package.json...
[03:55:42.666] [DEBUG] Using cached package.json for /home/osamah/kflow.ai.builder/packages/almadar-ui/package.json...
[03:55:42.667] [DEBUG] Using cached package.json for /home/osamah/kflow.ai.builder/packages/almadar-ui/package.json...
[03:55:42.667] [DEBUG] Getting package.json info for /home/osamah/kflow.ai.builder/packages/almadar-ui/package.json...
[03:55:42.667] [DEBUG] Using cached package.json for /home/osamah/kflow.ai.builder/packages/almadar-ui/package.json...
[03:55:42.667] [DEBUG] Getting CLI versions from NPM for @storybook/addon-links...
[03:55:42.667] [DEBUG] Executing command: npm info @storybook/addon-links version
[03:55:43.368] [DEBUG] Getting CLI versions from NPM for @storybook/addon-themes...
[03:55:43.368] [DEBUG] Executing command: npm info @storybook/addon-themes version
[03:55:44.683] [DEBUG] Getting CLI versions from NPM for @storybook/react...
[03:55:44.683] [DEBUG] Executing command: npm info @storybook/react version
[03:55:45.557] [DEBUG] Getting CLI versions from NPM for @storybook/react-vite...
[03:55:45.557] [DEBUG] Executing command: npm info @storybook/react-vite version
[03:55:46.294] [DEBUG] Using cached version for storybook...
[03:55:46.294] [DEBUG] Using cached package.json for /home/osamah/kflow.ai.builder/packages/almadar-ui/package.json...
[03:55:46.294] [DEBUG] Getting package.json info for /home/osamah/kflow.ai.builder/packages/almadar-ui/package.json...
[03:55:46.294] [DEBUG] Using cached package.json for /home/osamah/kflow.ai.builder/packages/almadar-ui/package.json...
[03:55:46.294] [DEBUG] Using cached package.json for /home/osamah/kflow.ai.builder/packages/almadar-ui/package.json...
[03:55:46.295] [DEBUG] Using cached package.json for /home/osamah/kflow.ai.builder/package.json...
[03:55:46.295] [DEBUG] {
  "upgradedDependencies": []
}
[03:55:46.295] [DEBUG] {
  "upgradedDevDependencies": []
}
[03:55:46.295] [DEBUG] {
  "upgradedPeerDependencies": []
}
[03:55:46.295] [DEBUG] Getting package.json info for /home/osamah/kflow.ai.builder/package.json...
[03:55:46.296] [DEBUG] Using cached package.json for /home/osamah/kflow.ai.builder/package.json...
[03:55:46.296] [DEBUG] Using cached package.json for /home/osamah/kflow.ai.builder/package.json...
[03:55:46.296] [DEBUG] Getting package.json info for /home/osamah/kflow.ai.builder/package.json...
[03:55:46.296] [DEBUG] Using cached package.json for /home/osamah/kflow.ai.builder/package.json...
[03:55:46.296] [DEBUG] Using cached package.json for /home/osamah/kflow.ai.builder/package.json...
[03:55:46.296] [DEBUG] Getting package.json info for /home/osamah/kflow.ai.builder/package.json...
[03:55:46.297] [DEBUG] Using cached package.json for /home/osamah/kflow.ai.builder/package.json...
[03:55:46.297] [DEBUG] Using cached package.json for /home/osamah/kflow.ai.builder/package.json...
[03:55:46.297] [INFO] Updated package versions in package.json files
[03:55:46.299] [DEBUG] Starting automigration collection across 1 projects and 19 fixes...
[03:55:46.299] [INFO] Checking automigrations for /packages/almadar-ui/.storybook...
[03:55:46.299] [DEBUG] Processing project: /packages/almadar-ui/.storybook
[03:55:46.299] [DEBUG] Checking fix eslintPlugin for project /packages/almadar-ui/.storybook...
[03:55:46.300] [DEBUG] Using cached package.json for /home/osamah/kflow.ai.builder/packages/almadar-ui/package.json...
[03:55:46.300] [DEBUG] Using cached package.json for /home/osamah/kflow.ai.builder/package.json...
[03:55:46.300] [DEBUG] Using cached package.json for /home/osamah/kflow.ai.builder/packages/almadar-ui/package.json...
[03:55:46.300] [DEBUG] Checking fix addon-mdx-gfm-remove for project /packages/almadar-ui/.storybook...
[03:55:46.301] [DEBUG] Using cached package.json for /home/osamah/kflow.ai.builder/packages/almadar-ui/package.json...
[03:55:46.301] [DEBUG] Using cached package.json for /home/osamah/kflow.ai.builder/package.json...
[03:55:46.301] [DEBUG] Checking fix addon-storysource-code-panel for project /packages/almadar-ui/.storybook...
[03:55:46.301] [DEBUG] Checking fix upgrade-storybook-related-dependencies for project /packages/almadar-ui/.storybook...
[03:55:46.301] [DEBUG] Checking for incompatible storybook packages...
[03:55:46.301] [DEBUG] Using cached package.json for /home/osamah/kflow.ai.builder/packages/almadar-ui/package.json...
[03:55:46.301] [DEBUG] Using cached package.json for /home/osamah/kflow.ai.builder/package.json...
[03:55:46.305] [DEBUG] Using cached package.json for /home/osamah/kflow.ai.builder/packages/almadar-ui/package.json...
[03:55:46.305] [DEBUG] Using cached package.json for /home/osamah/kflow.ai.builder/package.json...
[03:55:46.306] [DEBUG] Getting installed version for @storybook/addon-essentials...
[03:55:46.306] [DEBUG] Executing command: npm ls --json --depth=99 2>/dev/null
[03:55:46.310] [DEBUG] Getting installed version for @storybook/addon-interactions...
[03:55:46.310] [DEBUG] Executing command: npm ls --json --depth=99 2>/dev/null
[03:55:46.313] [DEBUG] Getting installed version for @storybook/blocks...
[03:55:46.313] [DEBUG] Executing command: npm ls --json --depth=99 2>/dev/null
[03:55:46.316] [DEBUG] Getting installed version for @storybook/test...
[03:55:46.316] [DEBUG] Executing command: npm ls --json --depth=99 2>/dev/null
[03:56:11.819] [DEBUG] Executing command: npm ls --json --depth=0 2>/dev/null
[03:56:12.172] [DEBUG] Executing command: npm ls --json --depth=0 2>/dev/null
[03:56:12.479] [DEBUG] Executing command: npm ls --json --depth=0 2>/dev/null
[03:56:12.627] [DEBUG] Executing command: npm ls --json --depth=0 2>/dev/null
[03:56:25.941] [DEBUG] Error finding installations for @storybook/addon-interactions: ExecaError: Command failed with exit code 1: npm ls --json '--depth=0' '2>/dev/null'

{
  "version": "1.0.0",
  "name": "@almadar/ui"
}
[03:56:25.941] [DEBUG] No installations found for @storybook/addon-interactions
[03:56:25.941] [DEBUG] Getting CLI versions from NPM for @storybook/addon-interactions...
[03:56:25.941] [DEBUG] Executing command: npm info @storybook/addon-interactions version
[03:56:26.724] [DEBUG] Error finding installations for @storybook/addon-essentials: ExecaError: Command failed with exit code 1: npm ls --json '--depth=0' '2>/dev/null'

{
  "version": "1.0.0",
  "name": "@almadar/ui"
}
[03:56:26.724] [DEBUG] No installations found for @storybook/addon-essentials
[03:56:26.724] [DEBUG] Getting CLI versions from NPM for @storybook/addon-essentials...
[03:56:26.724] [DEBUG] Executing command: npm info @storybook/addon-essentials version
[03:56:26.898] [DEBUG] Error finding installations for @storybook/test: ExecaError: Command failed with exit code 1: npm ls --json '--depth=0' '2>/dev/null'

{
  "version": "1.0.0",
  "name": "@almadar/ui"
}
[03:56:26.898] [DEBUG] No installations found for @storybook/test
[03:56:26.898] [DEBUG] Getting CLI versions from NPM for @storybook/test...
[03:56:26.898] [DEBUG] Executing command: npm info @storybook/test version
[03:56:26.920] [DEBUG] Error finding installations for @storybook/blocks: ExecaError: Command failed with exit code 1: npm ls --json '--depth=0' '2>/dev/null'

{
  "version": "1.0.0",
  "name": "@almadar/ui"
}
[03:56:26.920] [DEBUG] No installations found for @storybook/blocks
[03:56:26.920] [DEBUG] Getting CLI versions from NPM for @storybook/blocks...
[03:56:26.920] [DEBUG] Executing command: npm info @storybook/blocks version
[03:56:28.048] [DEBUG] Checking fix initial-globals for project /packages/almadar-ui/.storybook...
[03:56:28.069] [DEBUG] Checking fix addon-globals-api for project /packages/almadar-ui/.storybook...
[03:56:28.082] [DEBUG] Checking fix addon-a11y-addon-test for project /packages/almadar-ui/.storybook...
[03:56:28.082] [DEBUG] Checking fix consolidated-imports for project /packages/almadar-ui/.storybook...
[03:56:28.085] [DEBUG] Checking fix addon-experimental-test for project /packages/almadar-ui/.storybook...
[03:56:28.085] [DEBUG] Using cached installed version for @storybook/experimental-addon-test...
[03:56:28.085] [DEBUG] Checking fix rnstorybook-config for project /packages/almadar-ui/.storybook...
[03:56:28.085] [DEBUG] Using cached package.json for /home/osamah/kflow.ai.builder/packages/almadar-ui/package.json...
[03:56:28.085] [DEBUG] Using cached package.json for /home/osamah/kflow.ai.builder/package.json...
[03:56:28.085] [DEBUG] Checking fix migrate-addon-console for project /packages/almadar-ui/.storybook...
[03:56:28.086] [DEBUG] Using cached package.json for /home/osamah/kflow.ai.builder/packages/almadar-ui/package.json...
[03:56:28.086] [DEBUG] Using cached package.json for /home/osamah/kflow.ai.builder/package.json...
[03:56:28.086] [DEBUG] Checking fix nextjs-to-nextjs-vite for project /packages/almadar-ui/.storybook...
[03:56:28.086] [DEBUG] Using cached package.json for /home/osamah/kflow.ai.builder/packages/almadar-ui/package.json...
[03:56:28.086] [DEBUG] Using cached package.json for /home/osamah/kflow.ai.builder/package.json...
[03:56:28.086] [DEBUG] Checking fix remove-addon-interactions for project /packages/almadar-ui/.storybook...
[03:56:28.086] [DEBUG] Using cached package.json for /home/osamah/kflow.ai.builder/packages/almadar-ui/package.json...
[03:56:28.086] [DEBUG] Using cached package.json for /home/osamah/kflow.ai.builder/package.json...
[03:56:28.086] [DEBUG] Checking fix renderer-to-framework for project /packages/almadar-ui/.storybook...
[03:56:28.087] [DEBUG] Checking fix remove-essential-addons for project /packages/almadar-ui/.storybook...
[03:56:28.088] [DEBUG] Using cached package.json for /home/osamah/kflow.ai.builder/packages/almadar-ui/package.json...
[03:56:28.088] [DEBUG] Using cached package.json for /home/osamah/kflow.ai.builder/package.json...
[03:56:28.088] [DEBUG] Checking fix addon-a11y-parameters for project /packages/almadar-ui/.storybook...
[03:56:28.088] [DEBUG] Checking fix remove-docs-autodocs for project /packages/almadar-ui/.storybook...
[03:56:28.098] [DEBUG] Checking fix wrap-getAbsolutePath for project /packages/almadar-ui/.storybook...
[03:56:28.108] [DEBUG] Checking fix fix-faux-esm-require for project /packages/almadar-ui/.storybook...
[03:56:28.110] [INFO] 
Automigrations detected:
[03:56:28.110] [INFO] ✔ addon-globals-api
[03:56:28.112] [INFO] ✔ consolidated-imports
[03:56:28.112] [INFO] ✔ remove-addon-interactions
[03:56:28.112] [INFO] ✔ renderer-to-framework
[03:56:28.112] [INFO] ✔ remove-essential-addons
[03:56:28.112] [INFO] ✔ remove-docs-autodocs
[03:56:28.113] [INFO] ✔ wrap-getAbsolutePath
[03:56:28.113] [INFO] ✔ fix-faux-esm-require
[03:56:28.113] [INFO] 8 automigration(s) detected
[03:56:28.113] [INFO] Running all detected automigrations:
[03:56:28.114] [INFO]   - addon-globals-api (/packages/almadar-ui/.storybook)
[03:56:28.114] [INFO]   - consolidated-imports (/packages/almadar-ui/.storybook)
[03:56:28.114] [INFO]   - remove-addon-interactions (/packages/almadar-ui/.storybook)
[03:56:28.115] [INFO]   - renderer-to-framework (/packages/almadar-ui/.storybook)
[03:56:28.115] [INFO]   - remove-essential-addons (/packages/almadar-ui/.storybook)
[03:56:28.115] [INFO]   - remove-docs-autodocs (/packages/almadar-ui/.storybook)
[03:56:28.115] [INFO]   - wrap-getAbsolutePath (/packages/almadar-ui/.storybook)
[03:56:28.115] [INFO]   - fix-faux-esm-require (/packages/almadar-ui/.storybook)
[03:56:30.378] [INFO] ✔ addon-globals-api
[03:56:30.440] [INFO] ✔ consolidated-imports
[03:56:30.444] [DEBUG] Uninstalling @storybook/addon-interactions
[03:56:30.444] [DEBUG] Using cached package.json for /home/osamah/kflow.ai.builder/packages/almadar-ui/package.json...
[03:56:30.444] [DEBUG] Using cached package.json for /home/osamah/kflow.ai.builder/packages/almadar-ui/package.json...
[03:56:30.445] [DEBUG] Removing '@storybook/addon-interactions' from main.js addons field.
[03:56:30.449] [INFO] ✔ remove-addon-interactions
[03:56:30.450] [DEBUG] 
Migrating @storybook/react to @storybook/react-vite
[03:56:30.500] [DEBUG] Updating package.json files...
[03:56:30.502] [INFO] ✔ renderer-to-framework
[03:56:30.509] [DEBUG] Uninstalling @storybook/addon-essentials
[03:56:30.509] [DEBUG] Using cached package.json for /home/osamah/kflow.ai.builder/packages/almadar-ui/package.json...
[03:56:30.509] [DEBUG] Using cached package.json for /home/osamah/kflow.ai.builder/packages/almadar-ui/package.json...
[03:56:30.510] [DEBUG] Removing '@storybook/addon-essentials' from main.js addons field.
[03:56:30.549] [DEBUG] Getting Storybook info...
[03:56:30.558] [DEBUG] Loading main config...
[03:56:30.558] [DEBUG] Getting stories paths...
[03:56:30.559] [DEBUG] Getting package manager...
[03:56:32.260] [DEBUG] Getting package.json info for /home/osamah/kflow.ai.builder/packages/almadar-ui/package.json...
[03:56:32.260] [DEBUG] Getting Storybook version...
[03:56:32.261] [DEBUG] Detecting CSF factory usage...
[03:56:32.272] [INFO] Verifying @storybook/addon-docs
[03:56:32.272] [DEBUG] Getting dependency version for storybook...
[03:56:32.272] [DEBUG] Using cached package.json for /home/osamah/kflow.ai.builder/packages/almadar-ui/package.json...
[03:56:32.272] [DEBUG] Using cached package.json for /home/osamah/kflow.ai.builder/package.json...
[03:56:32.273] [INFO] Installing @storybook/addon-docs@^10.2.6
[03:56:32.273] [DEBUG] Using cached package.json for /home/osamah/kflow.ai.builder/packages/almadar-ui/package.json...
[03:56:32.273] [DEBUG] Getting CLI versions from NPM for @storybook/addon-docs...
[03:56:32.273] [DEBUG] Executing command: npm info @storybook/addon-docs version
[03:56:33.733] [DEBUG] Using cached package.json for /home/osamah/kflow.ai.builder/packages/almadar-ui/package.json...
[03:56:33.734] [INFO] Adding '@storybook/addon-docs' to the "addons" field in /home/osamah/kflow.ai.builder/packages/almadar-ui/.storybook/main.ts
[03:56:33.829] [INFO] ✔ remove-essential-addons
[03:56:33.840] [INFO] ✔ remove-docs-autodocs
[03:56:33.855] [INFO] ✔ wrap-getAbsolutePath
[03:56:33.866] [INFO] ✔ fix-faux-esm-require
[03:56:33.867] [INFO] Completed automigrations for /packages/almadar-ui/.storybook
[03:56:33.867] [INFO] Installing dependencies...
[03:56:33.868] [INFO] Installing dependencies...
[03:56:33.868] [DEBUG] Executing command: npm install --force
[03:56:35.388] [ERROR] Installation of dependencies failed! {"error":"ExecaError: Command failed with exit code 1: npm install --force\n\nnpm warn using --force Recommended protections disabled.\nnpm error code EUNSUPPORTEDPROTOCOL\nnpm error Unsupported URL Type \"workspace:\": workspace:*\nnpm error A complete log of this run can be found in: /home/osamah/.npm/_logs/2026-02-05T02_56_33_995Z-debug-0.log\n    at getFinalError (file:///home/osamah/.npm/_npx/bd9a004db2d09e4e/node_modules/storybook/dist/_node-chunks/chunk-7TARJQRJ.js:13109:10)\n    at makeError (file:///home/osamah/.npm/_npx/bd9a004db2d09e4e/node_modules/storybook/dist/_node-chunks/chunk-7TARJQRJ.js:14645:15)\n    at getAsyncResult (file:///home/osamah/.npm/_npx/bd9a004db2d09e4e/node_modules/storybook/dist/_node-chunks/chunk-7TARJQRJ.js:17291:158)\n    at handlePromise (file:///home/osamah/.npm/_npx/bd9a004db2d09e4e/node_modules/storybook/dist/_node-chunks/chunk-7TARJQRJ.js:17277:162)\n    at async Object.executeTaskWithSpinner (file:///home/osamah/.npm/_npx/bd9a004db2d09e4e/node_modules/storybook/dist/_node-chunks/chunk-F4SOMAP6.js:3683:11)\n    at async NPMProxy.installDependencies (file:///home/osamah/.npm/_npx/bd9a004db2d09e4e/node_modules/storybook/dist/_node-chunks/chunk-7TARJQRJ.js:11258:5)\n    at async upgrade (file:///home/osamah/.npm/_npx/bd9a004db2d09e4e/node_modules/@storybook/cli/dist/_node-chunks/run-RBBIXWTJ.js:9480:41)\n    at async file:///home/osamah/.npm/_npx/bd9a004db2d09e4e/node_modules/@storybook/cli/dist/_node-chunks/run-RBBIXWTJ.js:9616:70\n    at async withTelemetry (file:///home/osamah/.npm/_npx/bd9a004db2d09e4e/node_modules/storybook/dist/_node-chunks/chunk-AYHC7DAM.js:218:12)\n    at async Command.<anonymous> (file:///home/osamah/.npm/_npx/bd9a004db2d09e4e/node_modules/@storybook/cli/dist/_node-chunks/run-RBBIXWTJ.js:9612:3)"}
[03:56:35.388] [ERROR] Installation of dependencies failed!
[03:56:35.389] [ERROR] [38;2;241;97;97mExecaError: Command failed with exit code 1: npm install --force

npm warn using --force Recommended protections disabled.
npm error code EUNSUPPORTEDPROTOCOL
npm error Unsupported URL Type "workspace:": workspace:*
npm error A complete log of this run can be found in: /home/osamah/.npm/_logs/2026-02-05T02_56_33_995Z-debug-0.log[39m
    at getFinalError (file:///home/osamah/.npm/_npx/bd9a004db2d09e4e/node_modules/storybook/dist/_node-chunks/chunk-7TARJQRJ.js:13109:10)
    at makeError (file:///home/osamah/.npm/_npx/bd9a004db2d09e4e/node_modules/storybook/dist/_node-chunks/chunk-7TARJQRJ.js:14645:15)
    at getAsyncResult (file:///home/osamah/.npm/_npx/bd9a004db2d09e4e/node_modules/storybook/dist/_node-chunks/chunk-7TARJQRJ.js:17291:158)
    at handlePromise (file:///home/osamah/.npm/_npx/bd9a004db2d09e4e/node_modules/storybook/dist/_node-chunks/chunk-7TARJQRJ.js:17277:162)
    at async Object.executeTaskWithSpinner (file:///home/osamah/.npm/_npx/bd9a004db2d09e4e/node_modules/storybook/dist/_node-chunks/chunk-F4SOMAP6.js:3683:11)
    at async NPMProxy.installDependencies (file:///home/osamah/.npm/_npx/bd9a004db2d09e4e/node_modules/storybook/dist/_node-chunks/chunk-7TARJQRJ.js:11258:5)
    at async upgrade (file:///home/osamah/.npm/_npx/bd9a004db2d09e4e/node_modules/@storybook/cli/dist/_node-chunks/run-RBBIXWTJ.js:9480:41)
    at async file:///home/osamah/.npm/_npx/bd9a004db2d09e4e/node_modules/@storybook/cli/dist/_node-chunks/run-RBBIXWTJ.js:9616:70
    at async withTelemetry (file:///home/osamah/.npm/_npx/bd9a004db2d09e4e/node_modules/storybook/dist/_node-chunks/chunk-AYHC7DAM.js:218:12)
    at async Command.<anonymous> (file:///home/osamah/.npm/_npx/bd9a004db2d09e4e/node_modules/@storybook/cli/dist/_node-chunks/run-RBBIXWTJ.js:9612:3)
[03:56:35.397] [INFO] Storybook collects completely anonymous usage telemetry. We use it to shape Storybook's roadmap and prioritize features. You can learn more, including how to opt out, at https://storybook.js.org/telemetry
[03:56:36.747] [ERROR] ExecaError: Command failed with exit code 1: npm install --force

npm warn using --force Recommended protections disabled.
npm error code EUNSUPPORTEDPROTOCOL
npm error Unsupported URL Type "workspace:": workspace:*
npm error A complete log of this run can be found in: /home/osamah/.npm/_logs/2026-02-05T02_56_33_995Z-debug-0.log