
> @almadar/ui@1.0.0 build /home/osamah/kflow.ai.builder/packages/almadar-ui
> tsc

clients/trait-wars/index.ts(20,1): error TS2308: Module './molecules' has already exported a member named 'TraitDefinition'. Consider explicitly re-exporting to resolve the ambiguity.
clients/trait-wars/index.ts(23,1): error TS2308: Module './molecules' has already exported a member named 'GamePhase'. Consider explicitly re-exporting to resolve the ambiguity.
clients/winning-11/molecules/PlantCard.stories.tsx(12,5): error TS2353: Object literal may only specify known properties, and 'growthStage' does not exist in type 'Partial<ArgTypes<PlantCardProps>>'.
clients/winning-11/molecules/PlantCard.stories.tsx(97,9): error TS2322: Type '{ name: string; type: string; growthStage: number; trustLevel: string; }' is not assignable to type 'IntrinsicAttributes & PlantCardProps'.
  Property 'type' does not exist on type 'IntrinsicAttributes & PlantCardProps'.
clients/winning-11/molecules/PlantCard.stories.tsx(103,9): error TS2322: Type '{ name: string; type: string; growthStage: number; trustLevel: string; needsAttention: true; careNeeds: { type: string; urgency: string; }[]; }' is not assignable to type 'IntrinsicAttributes & PlantCardProps'.
  Property 'type' does not exist on type 'IntrinsicAttributes & PlantCardProps'.
clients/winning-11/molecules/PlantCard.stories.tsx(111,9): error TS2322: Type '{ name: string; type: string; growthStage: number; trustLevel: string; lastInteraction: string; }' is not assignable to type 'IntrinsicAttributes & PlantCardProps'.
  Property 'type' does not exist on type 'IntrinsicAttributes & PlantCardProps'.
clients/winning-11/molecules/PlantCard.stories.tsx(118,9): error TS2322: Type '{ name: string; type: string; growthStage: number; trustLevel: string; careNeeds: { type: string; urgency: string; }[]; }' is not assignable to type 'IntrinsicAttributes & PlantCardProps'.
  Property 'type' does not exist on type 'IntrinsicAttributes & PlantCardProps'.
clients/winning-11/organisms/GardenView.stories.tsx(203,16): error TS2351: This expression is not constructable.
  Type 'BaseAnnotations<ReactRenderer, { [x: string]: any; }> & { name?: string | undefined; storyName?: string | undefined; play?: PlayFunction<ReactRenderer, { ...; }> | undefined; globals?: Globals | undefined; story?: Omit<...> | undefined; } & { ...; }' has no construct signatures.
clients/winning-11/organisms/GardenView.stories.tsx(203,16): error TS2448: Block-scoped variable 'Error' used before its declaration.
clients/winning-11/organisms/GardenView.stories.tsx(203,16): error TS2454: Variable 'Error' is used before being assigned.
clients/winning-11/templates/GraphIntelligenceTemplate.stories.tsx(45,5): error TS2322: Type '"cross-functional"' is not assignable to type '"mixed" | "personal" | "professional" | "community"'.
clients/winning-11/templates/GraphIntelligenceTemplate.stories.tsx(65,5): error TS2322: Type '"temporary"' is not assignable to type '"mixed" | "personal" | "professional" | "community"'.
components/molecules/RepeatableFormSection.stories.tsx(213,18): error TS7006: Parameter 'item' implicitly has an 'any' type.
components/molecules/__tests__/ButtonGroup.test.tsx(32,38): error TS2339: Property 'toBeInTheDocument' does not exist on type 'Assertion<HTMLElement>'.
components/molecules/__tests__/ButtonGroup.test.tsx(33,40): error TS2339: Property 'toBeInTheDocument' does not exist on type 'Assertion<HTMLElement>'.
components/molecules/__tests__/ButtonGroup.test.tsx(143,38): error TS2339: Property 'toBeInTheDocument' does not exist on type 'Assertion<HTMLElement>'.
components/molecules/__tests__/ButtonGroup.test.tsx(144,40): error TS2339: Property 'toBeInTheDocument' does not exist on type 'Assertion<HTMLElement>'.
components/molecules/__tests__/ButtonGroup.test.tsx(145,39): error TS2339: Property 'toBeInTheDocument' does not exist on type 'Assertion<HTMLElement>'.
components/molecules/__tests__/ButtonGroup.test.tsx(157,47): error TS2339: Property 'toBeInTheDocument' does not exist on type 'Assertion<HTMLElement>'.
components/molecules/__tests__/ButtonGroup.test.tsx(171,39): error TS2339: Property 'toBeInTheDocument' does not exist on type 'Assertion<HTMLElement>'.
components/molecules/__tests__/FilterGroup.test.tsx(25,5): error TS2304: Cannot find name 'beforeEach'.
components/molecules/__tests__/FilterGroup.test.tsx(44,44): error TS2339: Property 'toBeInTheDocument' does not exist on type 'Assertion<HTMLElement>'.
components/molecules/__tests__/FilterGroup.test.tsx(48,24): error TS2339: Property 'toBeInTheDocument' does not exist on type 'Assertion<HTMLElement>'.
components/molecules/__tests__/FilterGroup.test.tsx(66,53): error TS2339: Property 'toBeInTheDocument' does not exist on type 'Assertion<HTMLElement>'.
components/molecules/__tests__/FilterGroup.test.tsx(70,27): error TS2339: Property 'toBeInTheDocument' does not exist on type 'Assertion<Element | null>'.
components/molecules/__tests__/FilterGroup.test.tsx(135,44): error TS2339: Property 'toBeInTheDocument' does not exist on type 'Assertion<HTMLElement>'.
components/molecules/__tests__/FilterGroup.test.tsx(136,53): error TS2339: Property 'toBeInTheDocument' does not exist on type 'Assertion<HTMLElement>'.
components/molecules/__tests__/FilterGroup.test.tsx(137,46): error TS2339: Property 'toBeInTheDocument' does not exist on type 'Assertion<HTMLElement>'.
components/molecules/__tests__/FilterGroup.test.tsx(141,27): error TS2339: Property 'toBeInTheDocument' does not exist on type 'Assertion<Element | null>'.
components/molecules/__tests__/FilterGroup.test.tsx(163,50): error TS2339: Property 'toBeInTheDocument' does not exist on type 'Assertion<HTMLElement>'.
components/molecules/__tests__/FilterGroup.test.tsx(185,53): error TS2339: Property 'toBeInTheDocument' does not exist on type 'Assertion<HTMLElement>'.
components/molecules/__tests__/FilterGroup.test.tsx(236,27): error TS2339: Property 'toBeInTheDocument' does not exist on type 'Assertion<Element | null>'.
components/molecules/__tests__/FilterGroup.test.tsx(281,24): error TS2339: Property 'toBeInTheDocument' does not exist on type 'Assertion<HTMLElement>'.
components/molecules/__tests__/FilterGroup.test.tsx(301,27): error TS2339: Property 'toBeInTheDocument' does not exist on type 'Assertion<Element | null>'.
components/molecules/__tests__/FilterGroup.test.tsx(302,28): error TS2339: Property 'toBeInTheDocument' does not exist on type 'Assertion<HTMLElement | null>'.
components/molecules/__tests__/SearchInput.test.tsx(35,63): error TS2339: Property 'toBeInTheDocument' does not exist on type 'Assertion<HTMLElement>'.
components/organisms/Form.stories.tsx(320,27): error TS2352: Conversion of type 'KFlowEvent' to type '{ law: string; article: string; actionType: string; message: string; }' may be a mistake because neither type sufficiently overlaps with the other. If this was intentional, convert the expression to 'unknown' first.
  Type 'KFlowEvent' is missing the following properties from type '{ law: string; article: string; actionType: string; message: string; }': law, article, actionType, message
components/organisms/__tests__/CardGrid.test.tsx(76,40): error TS2339: Property 'toBeInTheDocument' does not exist on type 'Assertion<HTMLElement>'.
components/organisms/__tests__/CardGrid.test.tsx(77,39): error TS2339: Property 'toBeInTheDocument' does not exist on type 'Assertion<HTMLElement>'.
components/organisms/__tests__/CardGrid.test.tsx(78,44): error TS2339: Property 'toBeInTheDocument' does not exist on type 'Assertion<HTMLElement>'.
components/organisms/__tests__/CardGrid.test.tsx(79,44): error TS2339: Property 'toBeInTheDocument' does not exist on type 'Assertion<HTMLElement>'.
components/organisms/__tests__/CardGrid.test.tsx(103,40): error TS2339: Property 'toBeInTheDocument' does not exist on type 'Assertion<HTMLElement>'.
components/organisms/__tests__/CardGrid.test.tsx(104,44): error TS2339: Property 'toBeInTheDocument' does not exist on type 'Assertion<HTMLElement>'.
components/organisms/__tests__/CardGrid.test.tsx(113,42): error TS2339: Property 'toBeInTheDocument' does not exist on type 'Assertion<HTMLElement>'.
components/organisms/__tests__/CardGrid.test.tsx(114,52): error TS2339: Property 'toBeInTheDocument' does not exist on type 'Assertion<HTMLElement | null>'.
components/organisms/__tests__/CardGrid.test.tsx(115,47): error TS2339: Property 'toBeInTheDocument' does not exist on type 'Assertion<HTMLElement | null>'.
components/organisms/__tests__/CardGrid.test.tsx(139,40): error TS2339: Property 'toBeInTheDocument' does not exist on type 'Assertion<HTMLElement>'.
components/organisms/__tests__/CardGrid.test.tsx(140,44): error TS2339: Property 'toBeInTheDocument' does not exist on type 'Assertion<HTMLElement>'.
components/organisms/__tests__/CardGrid.test.tsx(149,46): error TS2339: Property 'toBeInTheDocument' does not exist on type 'Assertion<HTMLElement>'.
components/organisms/__tests__/CardGrid.test.tsx(150,48): error TS2339: Property 'toBeInTheDocument' does not exist on type 'Assertion<HTMLElement | null>'.
components/organisms/__tests__/CardGrid.test.tsx(151,47): error TS2339: Property 'toBeInTheDocument' does not exist on type 'Assertion<HTMLElement | null>'.
components/organisms/__tests__/CardGrid.test.tsx(184,42): error TS2339: Property 'toBeInTheDocument' does not exist on type 'Assertion<HTMLElement>'.
components/organisms/__tests__/CardGrid.test.tsx(185,47): error TS2339: Property 'toBeInTheDocument' does not exist on type 'Assertion<HTMLElement | null>'.
components/organisms/__tests__/CardGrid.test.tsx(195,42): error TS2339: Property 'toBeInTheDocument' does not exist on type 'Assertion<HTMLElement>'.
components/organisms/__tests__/CardGrid.test.tsx(196,41): error TS2339: Property 'toBeInTheDocument' does not exist on type 'Assertion<HTMLElement>'.
components/organisms/__tests__/CardGrid.test.tsx(197,46): error TS2339: Property 'toBeInTheDocument' does not exist on type 'Assertion<HTMLElement>'.
components/organisms/__tests__/CardGrid.test.tsx(198,46): error TS2339: Property 'toBeInTheDocument' does not exist on type 'Assertion<HTMLElement>'.
components/organisms/__tests__/DetailPanel.test.tsx(69,48): error TS2339: Property 'toBeInTheDocument' does not exist on type 'Assertion<HTMLElement>'.
components/organisms/__tests__/DetailPanel.test.tsx(70,39): error TS2339: Property 'toBeInTheDocument' does not exist on type 'Assertion<HTMLElement>'.
components/organisms/__tests__/DetailPanel.test.tsx(97,43): error TS2339: Property 'toBeInTheDocument' does not exist on type 'Assertion<HTMLElement>'.
components/organisms/__tests__/DetailPanel.test.tsx(106,50): error TS2339: Property 'toBeInTheDocument' does not exist on type 'Assertion<HTMLElement>'.
components/organisms/__tests__/DetailPanel.test.tsx(133,43): error TS2339: Property 'toBeInTheDocument' does not exist on type 'Assertion<HTMLElement>'.
components/organisms/__tests__/DetailPanel.test.tsx(141,50): error TS2339: Property 'toBeInTheDocument' does not exist on type 'Assertion<HTMLElement>'.
components/organisms/__tests__/DetailPanel.test.tsx(178,50): error TS2339: Property 'toBeInTheDocument' does not exist on type 'Assertion<HTMLElement>'.
components/organisms/__tests__/DetailPanel.test.tsx(188,56): error TS2339: Property 'toBeInTheDocument' does not exist on type 'Assertion<HTMLElement | null>'.
components/organisms/__tests__/DetailPanel.test.tsx(189,45): error TS2339: Property 'toBeInTheDocument' does not exist on type 'Assertion<HTMLElement>'.
components/organisms/__tests__/DetailPanel.test.tsx(218,50): error TS2339: Property 'toBeInTheDocument' does not exist on type 'Assertion<HTMLElement>'.
components/organisms/__tests__/DetailPanel.test.tsx(227,52): error TS2339: Property 'toBeInTheDocument' does not exist on type 'Assertion<HTMLElement>'.
components/organisms/__tests__/DetailPanel.test.tsx(228,56): error TS2339: Property 'toBeInTheDocument' does not exist on type 'Assertion<HTMLElement | null>'.
components/organisms/__tests__/DrawerSlot.test.tsx(40,62): error TS2339: Property 'toBeInTheDocument' does not exist on type 'Assertion<Element | null>'.
components/organisms/__tests__/DrawerSlot.test.tsx(52,42): error TS2339: Property 'toBeInTheDocument' does not exist on type 'Assertion<HTMLElement>'.
components/organisms/__tests__/DrawerSlot.test.tsx(53,52): error TS2339: Property 'toBeInTheDocument' does not exist on type 'Assertion<HTMLElement>'.
components/organisms/__tests__/DrawerSlot.test.tsx(65,48): error TS2339: Property 'toBeInTheDocument' does not exist on type 'Assertion<HTMLElement>'.
components/organisms/__tests__/DrawerSlot.test.tsx(83,27): error TS2339: Property 'toBeInTheDocument' does not exist on type 'Assertion<HTMLElement | null>'.
components/organisms/__tests__/DrawerSlot.test.tsx(102,27): error TS2339: Property 'toBeInTheDocument' does not exist on type 'Assertion<HTMLElement | null>'.
components/organisms/__tests__/LayoutPatterns.test.tsx(36,44): error TS2339: Property 'toBeInTheDocument' does not exist on type 'Assertion<HTMLElement>'.
components/organisms/__tests__/LayoutPatterns.test.tsx(37,44): error TS2339: Property 'toBeInTheDocument' does not exist on type 'Assertion<HTMLElement>'.
components/organisms/__tests__/LayoutPatterns.test.tsx(47,36): error TS2339: Property 'toHaveClass' does not exist on type 'Assertion<ChildNode | null>'.
components/organisms/__tests__/LayoutPatterns.test.tsx(71,36): error TS2339: Property 'toBeInTheDocument' does not exist on type 'Assertion<ChildNode | null>'.
components/organisms/__tests__/LayoutPatterns.test.tsx(83,48): error TS2339: Property 'toBeInTheDocument' does not exist on type 'Assertion<HTMLElement>'.
components/organisms/__tests__/LayoutPatterns.test.tsx(99,42): error TS2339: Property 'toBeInTheDocument' does not exist on type 'Assertion<HTMLElement>'.
components/organisms/__tests__/LayoutPatterns.test.tsx(100,43): error TS2339: Property 'toBeInTheDocument' does not exist on type 'Assertion<HTMLElement>'.
components/organisms/__tests__/LayoutPatterns.test.tsx(110,36): error TS2339: Property 'toHaveClass' does not exist on type 'Assertion<ChildNode | null>'.
components/organisms/__tests__/LayoutPatterns.test.tsx(134,36): error TS2339: Property 'toHaveClass' does not exist on type 'Assertion<ChildNode | null>'.
components/organisms/__tests__/LayoutPatterns.test.tsx(149,49): error TS2339: Property 'toBeInTheDocument' does not exist on type 'Assertion<HTMLElement>'.
components/organisms/__tests__/LayoutPatterns.test.tsx(159,36): error TS2339: Property 'toHaveClass' does not exist on type 'Assertion<ChildNode | null>'.
components/organisms/__tests__/LayoutPatterns.test.tsx(182,36): error TS2339: Property 'toBeInTheDocument' does not exist on type 'Assertion<ChildNode | null>'.
components/organisms/__tests__/LayoutPatterns.test.tsx(199,44): error TS2339: Property 'toBeInTheDocument' does not exist on type 'Assertion<HTMLElement>'.
components/organisms/__tests__/LayoutPatterns.test.tsx(200,44): error TS2339: Property 'toBeInTheDocument' does not exist on type 'Assertion<HTMLElement>'.
components/organisms/__tests__/LayoutPatterns.test.tsx(201,44): error TS2339: Property 'toBeInTheDocument' does not exist on type 'Assertion<HTMLElement>'.
components/organisms/__tests__/LayoutPatterns.test.tsx(212,36): error TS2339: Property 'toHaveClass' does not exist on type 'Assertion<ChildNode | null>'.
components/organisms/__tests__/LayoutPatterns.test.tsx(239,46): error TS2339: Property 'toBeInTheDocument' does not exist on type 'Assertion<HTMLElement>'.
components/organisms/__tests__/LayoutPatterns.test.tsx(240,46): error TS2339: Property 'toBeInTheDocument' does not exist on type 'Assertion<HTMLElement>'.
components/organisms/__tests__/LayoutPatterns.test.tsx(255,46): error TS2339: Property 'toBeInTheDocument' does not exist on type 'Assertion<HTMLElement>'.
components/organisms/__tests__/LayoutPatterns.test.tsx(265,36): error TS2339: Property 'toHaveClass' does not exist on type 'Assertion<ChildNode | null>'.
components/organisms/__tests__/LayoutPatterns.test.tsx(323,42): error TS2339: Property 'toBeInTheDocument' does not exist on type 'Assertion<HTMLElement>'.
components/organisms/__tests__/LayoutPatterns.test.tsx(324,43): error TS2339: Property 'toBeInTheDocument' does not exist on type 'Assertion<HTMLElement>'.
components/organisms/__tests__/LayoutPatterns.test.tsx(325,43): error TS2339: Property 'toBeInTheDocument' does not exist on type 'Assertion<HTMLElement>'.
components/organisms/__tests__/LayoutPatterns.test.tsx(326,44): error TS2339: Property 'toBeInTheDocument' does not exist on type 'Assertion<HTMLElement>'.
components/organisms/__tests__/LayoutPatterns.test.tsx(327,44): error TS2339: Property 'toBeInTheDocument' does not exist on type 'Assertion<HTMLElement>'.
components/organisms/__tests__/LayoutPatterns.test.tsx(328,44): error TS2339: Property 'toBeInTheDocument' does not exist on type 'Assertion<HTMLElement>'.
components/organisms/__tests__/LayoutPatterns.test.tsx(342,51): error TS2339: Property 'toBeInTheDocument' does not exist on type 'Assertion<Element | null>'.
components/organisms/__tests__/LayoutPatterns.test.tsx(343,51): error TS2339: Property 'toBeInTheDocument' does not exist on type 'Assertion<Element | null>'.
components/organisms/__tests__/LayoutPatterns.test.tsx(344,51): error TS2339: Property 'toBeInTheDocument' does not exist on type 'Assertion<Element | null>'.
components/organisms/__tests__/StatCard.test.tsx(52,47): error TS2339: Property 'toBeInTheDocument' does not exist on type 'Assertion<HTMLElement>'.
components/organisms/__tests__/StatCard.test.tsx(53,38): error TS2339: Property 'toBeInTheDocument' does not exist on type 'Assertion<HTMLElement>'.
components/organisms/__tests__/StatCard.test.tsx(70,41): error TS2339: Property 'toBeInTheDocument' does not exist on type 'Assertion<HTMLElement>'.
components/organisms/__tests__/StatCard.test.tsx(71,37): error TS2339: Property 'toBeInTheDocument' does not exist on type 'Assertion<HTMLElement>'.
components/organisms/__tests__/StatCard.test.tsx(88,48): error TS2339: Property 'toBeInTheDocument' does not exist on type 'Assertion<HTMLElement>'.
components/organisms/__tests__/StatCard.test.tsx(89,39): error TS2339: Property 'toBeInTheDocument' does not exist on type 'Assertion<HTMLElement>'.
components/organisms/__tests__/StatCard.test.tsx(108,42): error TS2339: Property 'toBeInTheDocument' does not exist on type 'Assertion<HTMLElement>'.
components/organisms/__tests__/StatCard.test.tsx(109,37): error TS2339: Property 'toBeInTheDocument' does not exist on type 'Assertion<HTMLElement>'.
components/organisms/__tests__/StatCard.test.tsx(129,50): error TS2339: Property 'toBeInTheDocument' does not exist on type 'Assertion<HTMLElement>'.
components/organisms/__tests__/StatCard.test.tsx(130,37): error TS2339: Property 'toBeInTheDocument' does not exist on type 'Assertion<HTMLElement>'.
components/organisms/__tests__/StatCard.test.tsx(147,46): error TS2339: Property 'toBeInTheDocument' does not exist on type 'Assertion<HTMLElement>'.
components/organisms/__tests__/StatCard.test.tsx(148,37): error TS2339: Property 'toBeInTheDocument' does not exist on type 'Assertion<HTMLElement>'.
components/organisms/__tests__/StatCard.test.tsx(165,50): error TS2339: Property 'toBeInTheDocument' does not exist on type 'Assertion<HTMLElement>'.
components/organisms/__tests__/StatCard.test.tsx(166,37): error TS2339: Property 'toBeInTheDocument' does not exist on type 'Assertion<HTMLElement>'.
components/organisms/__tests__/StatCard.test.tsx(182,43): error TS2339: Property 'toBeInTheDocument' does not exist on type 'Assertion<HTMLElement>'.
components/organisms/__tests__/StatCard.test.tsx(183,37): error TS2339: Property 'toBeInTheDocument' does not exist on type 'Assertion<HTMLElement>'.
components/organisms/__tests__/StatCard.test.tsx(208,43): error TS2339: Property 'toBeInTheDocument' does not exist on type 'Assertion<HTMLElement>'.
components/organisms/__tests__/StatCard.test.tsx(209,46): error TS2339: Property 'toBeInTheDocument' does not exist on type 'Assertion<HTMLElement>'.
components/organisms/__tests__/StatCard.test.tsx(210,43): error TS2339: Property 'toBeInTheDocument' does not exist on type 'Assertion<HTMLElement>'.
components/organisms/__tests__/StatCard.test.tsx(213,37): error TS2339: Property 'toBeInTheDocument' does not exist on type 'Assertion<HTMLElement>'.
components/organisms/__tests__/StatCard.test.tsx(237,20): error TS2339: Property 'toBeInTheDocument' does not exist on type 'Assertion<Element | null>'.
components/organisms/__tests__/StatCard.test.tsx(253,43): error TS2339: Property 'toBeInTheDocument' does not exist on type 'Assertion<HTMLElement>'.
components/organisms/__tests__/StatCard.test.tsx(254,46): error TS2339: Property 'toBeInTheDocument' does not exist on type 'Assertion<HTMLElement>'.
components/organisms/__tests__/StatCard.test.tsx(270,57): error TS2339: Property 'toBeInTheDocument' does not exist on type 'Assertion<Element | null>'.
components/organisms/__tests__/StatCard.test.tsx(317,43): error TS2339: Property 'toBeInTheDocument' does not exist on type 'Assertion<HTMLElement>'.
components/organisms/__tests__/StatCard.test.tsx(318,46): error TS2339: Property 'toBeInTheDocument' does not exist on type 'Assertion<HTMLElement>'.
components/organisms/__tests__/StatCard.test.tsx(319,43): error TS2339: Property 'toBeInTheDocument' does not exist on type 'Assertion<HTMLElement>'.
components/organisms/__tests__/StatCard.test.tsx(322,37): error TS2339: Property 'toBeInTheDocument' does not exist on type 'Assertion<HTMLElement>'.
components/organisms/__tests__/StatCard.test.tsx(323,37): error TS2339: Property 'toBeInTheDocument' does not exist on type 'Assertion<HTMLElement>'.
components/organisms/__tests__/StatCard.test.tsx(324,37): error TS2339: Property 'toBeInTheDocument' does not exist on type 'Assertion<HTMLElement>'.
components/organisms/__tests__/UISlotRenderer.test.tsx(39,59): error TS2339: Property 'toBeInTheDocument' does not exist on type 'Assertion<Element | null>'.
components/organisms/__tests__/UISlotRenderer.test.tsx(49,55): error TS2339: Property 'toBeInTheDocument' does not exist on type 'Assertion<HTMLElement | null>'.
components/organisms/__tests__/UISlotRenderer.test.tsx(50,52): error TS2339: Property 'toBeInTheDocument' does not exist on type 'Assertion<HTMLElement | null>'.
components/organisms/__tests__/UISlotRenderer.test.tsx(60,59): error TS2339: Property 'toBeInTheDocument' does not exist on type 'Assertion<HTMLElement | null>'.
components/organisms/__tests__/UISlotRenderer.test.tsx(61,62): error TS2339: Property 'toBeInTheDocument' does not exist on type 'Assertion<HTMLElement | null>'.
components/organisms/__tests__/UISlotRenderer.test.tsx(71,55): error TS2339: Property 'toBeInTheDocument' does not exist on type 'Assertion<HTMLElement | null>'.
components/organisms/__tests__/UISlotRenderer.test.tsx(72,58): error TS2339: Property 'toBeInTheDocument' does not exist on type 'Assertion<HTMLElement | null>'.
components/organisms/__tests__/UISlotRenderer.test.tsx(82,60): error TS2339: Property 'toBeInTheDocument' does not exist on type 'Assertion<HTMLElement | null>'.
components/organisms/__tests__/UISlotRenderer.test.tsx(92,56): error TS2339: Property 'toBeInTheDocument' does not exist on type 'Assertion<HTMLElement | null>'.
components/organisms/__tests__/UISlotRenderer.test.tsx(102,55): error TS2339: Property 'toBeInTheDocument' does not exist on type 'Assertion<Element | null>'.
components/organisms/__tests__/UISlotRenderer.test.tsx(124,46): error TS2339: Property 'toBeInTheDocument' does not exist on type 'Assertion<HTMLElement>'.
components/organisms/__tests__/UISlotRenderer.test.tsx(138,66): error TS2339: Property 'toBeInTheDocument' does not exist on type 'Assertion<HTMLElement>'.
components/organisms/__tests__/UISlotRenderer.test.tsx(152,43): error TS2339: Property 'toBeInTheDocument' does not exist on type 'Assertion<HTMLElement>'.
components/organisms/__tests__/UISlotRenderer.test.tsx(166,21): error TS2339: Property 'toHaveAttribute' does not exist on type 'Assertion<Element | null>'.
components/organisms/__tests__/UISlotRenderer.test.tsx(167,21): error TS2339: Property 'toHaveAttribute' does not exist on type 'Assertion<Element | null>'.
components/organisms/__tests__/UISlotRenderer.test.tsx(180,18): error TS2339: Property 'toBeInTheDocument' does not exist on type 'Assertion<HTMLElement | null>'.
components/organisms/__tests__/UISlotRenderer.test.tsx(181,18): error TS2339: Property 'toHaveClass' does not exist on type 'Assertion<HTMLElement | null>'.
components/organisms/__tests__/UISlotRenderer.test.tsx(182,18): error TS2339: Property 'toHaveClass' does not exist on type 'Assertion<HTMLElement | null>'.
components/organisms/__tests__/UISlotRenderer.test.tsx(204,18): error TS2339: Property 'toHaveClass' does not exist on type 'Assertion<HTMLElement | null>'.
components/organisms/debug/__tests__/RuntimeDebugger.test.tsx(53,62): error TS2339: Property 'toBeInTheDocument' does not exist on type 'Assertion<HTMLElement>'.
components/organisms/debug/__tests__/RuntimeDebugger.test.tsx(58,56): error TS2339: Property 'toBeInTheDocument' does not exist on type 'Assertion<HTMLElement>'.
components/organisms/debug/__tests__/RuntimeDebugger.test.tsx(65,61): error TS2339: Property 'toBeInTheDocument' does not exist on type 'Assertion<HTMLElement>'.
components/organisms/debug/__tests__/RuntimeDebugger.test.tsx(70,48): error TS2339: Property 'toBeInTheDocument' does not exist on type 'Assertion<HTMLElement>'.
components/organisms/debug/__tests__/RuntimeDebugger.test.tsx(71,47): error TS2339: Property 'toBeInTheDocument' does not exist on type 'Assertion<HTMLElement>'.
components/organisms/debug/__tests__/RuntimeDebugger.test.tsx(72,50): error TS2339: Property 'toBeInTheDocument' does not exist on type 'Assertion<HTMLElement>'.
components/organisms/debug/__tests__/RuntimeDebugger.test.tsx(73,48): error TS2339: Property 'toBeInTheDocument' does not exist on type 'Assertion<HTMLElement>'.
components/organisms/debug/__tests__/RuntimeDebugger.test.tsx(74,48): error TS2339: Property 'toBeInTheDocument' does not exist on type 'Assertion<HTMLElement>'.
components/organisms/debug/__tests__/RuntimeDebugger.test.tsx(79,56): error TS2339: Property 'toBeInTheDocument' does not exist on type 'Assertion<HTMLElement>'.
components/organisms/debug/__tests__/RuntimeDebugger.test.tsx(80,48): error TS2339: Property 'toBeInTheDocument' does not exist on type 'Assertion<HTMLElement>'.
components/organisms/debug/__tests__/RuntimeDebugger.test.tsx(90,61): error TS2339: Property 'toBeInTheDocument' does not exist on type 'Assertion<HTMLElement>'.
components/organisms/debug/__tests__/RuntimeDebugger.test.tsx(98,62): error TS2339: Property 'toBeInTheDocument' does not exist on type 'Assertion<HTMLElement>'.
components/organisms/debug/__tests__/RuntimeDebugger.test.tsx(139,59): error TS2339: Property 'toBeInTheDocument' does not exist on type 'Assertion<HTMLElement>'.
components/organisms/debug/__tests__/tabs.test.tsx(15,1): error TS2582: Cannot find name 'describe'. Do you need to install type definitions for a test runner? Try `npm i --save-dev @types/jest` or `npm i --save-dev @types/mocha`.
components/organisms/debug/__tests__/tabs.test.tsx(16,5): error TS2582: Cannot find name 'it'. Do you need to install type definitions for a test runner? Try `npm i --save-dev @types/jest` or `npm i --save-dev @types/mocha`.
components/organisms/debug/__tests__/tabs.test.tsx(18,9): error TS2304: Cannot find name 'expect'.
components/organisms/debug/__tests__/tabs.test.tsx(21,5): error TS2582: Cannot find name 'it'. Do you need to install type definitions for a test runner? Try `npm i --save-dev @types/jest` or `npm i --save-dev @types/mocha`.
components/organisms/debug/__tests__/tabs.test.tsx(36,9): error TS2304: Cannot find name 'expect'.
components/organisms/debug/__tests__/tabs.test.tsx(37,9): error TS2304: Cannot find name 'expect'.
components/organisms/debug/__tests__/tabs.test.tsx(38,9): error TS2304: Cannot find name 'expect'.
components/organisms/debug/__tests__/tabs.test.tsx(42,1): error TS2582: Cannot find name 'describe'. Do you need to install type definitions for a test runner? Try `npm i --save-dev @types/jest` or `npm i --save-dev @types/mocha`.
components/organisms/debug/__tests__/tabs.test.tsx(43,5): error TS2582: Cannot find name 'it'. Do you need to install type definitions for a test runner? Try `npm i --save-dev @types/jest` or `npm i --save-dev @types/mocha`.
components/organisms/debug/__tests__/tabs.test.tsx(45,9): error TS2304: Cannot find name 'expect'.
components/organisms/debug/__tests__/tabs.test.tsx(48,5): error TS2582: Cannot find name 'it'. Do you need to install type definitions for a test runner? Try `npm i --save-dev @types/jest` or `npm i --save-dev @types/mocha`.
components/organisms/debug/__tests__/tabs.test.tsx(63,26): error TS2322: Type '{ id: string; name: string; traitName: string; interval: number; lastRun: number; executionTime: number; guardPassed: boolean; runCount: number; active: boolean; }[]' is not assignable to type 'TickExecution[]'.
  Type '{ id: string; name: string; traitName: string; interval: number; lastRun: number; executionTime: number; guardPassed: boolean; runCount: number; active: boolean; }' is missing the following properties from type 'TickExecution': tickName, lastExecuted, nextExecution, executionCount, isActive
components/organisms/debug/__tests__/tabs.test.tsx(64,9): error TS2304: Cannot find name 'expect'.
components/organisms/debug/__tests__/tabs.test.tsx(65,9): error TS2304: Cannot find name 'expect'.
components/organisms/debug/__tests__/tabs.test.tsx(66,9): error TS2304: Cannot find name 'expect'.
components/organisms/debug/__tests__/tabs.test.tsx(69,5): error TS2582: Cannot find name 'it'. Do you need to install type definitions for a test runner? Try `npm i --save-dev @types/jest` or `npm i --save-dev @types/mocha`.
components/organisms/debug/__tests__/tabs.test.tsx(95,26): error TS2322: Type '{ id: string; name: string; traitName: string; interval: number; lastRun: number; executionTime: number; guardPassed: boolean; runCount: number; active: boolean; }[]' is not assignable to type 'TickExecution[]'.
  Type '{ id: string; name: string; traitName: string; interval: number; lastRun: number; executionTime: number; guardPassed: boolean; runCount: number; active: boolean; }' is missing the following properties from type 'TickExecution': tickName, lastExecuted, nextExecution, executionCount, isActive
components/organisms/debug/__tests__/tabs.test.tsx(96,9): error TS2304: Cannot find name 'expect'.
components/organisms/debug/__tests__/tabs.test.tsx(97,9): error TS2304: Cannot find name 'expect'.
components/organisms/debug/__tests__/tabs.test.tsx(101,1): error TS2582: Cannot find name 'describe'. Do you need to install type definitions for a test runner? Try `npm i --save-dev @types/jest` or `npm i --save-dev @types/mocha`.
components/organisms/debug/__tests__/tabs.test.tsx(102,5): error TS2582: Cannot find name 'it'. Do you need to install type definitions for a test runner? Try `npm i --save-dev @types/jest` or `npm i --save-dev @types/mocha`.
components/organisms/debug/__tests__/tabs.test.tsx(104,9): error TS2304: Cannot find name 'expect'.
components/organisms/debug/__tests__/tabs.test.tsx(107,5): error TS2582: Cannot find name 'it'. Do you need to install type definitions for a test runner? Try `npm i --save-dev @types/jest` or `npm i --save-dev @types/mocha`.
components/organisms/debug/__tests__/tabs.test.tsx(110,17): error TS2739: Type '{ singletons: {}; runtime: never[]; persistent: {}; timestamp: number; }' is missing the following properties from type 'EntitySnapshot': entities, totalCount
components/organisms/debug/__tests__/tabs.test.tsx(118,9): error TS2304: Cannot find name 'expect'.
components/organisms/debug/__tests__/tabs.test.tsx(121,5): error TS2582: Cannot find name 'it'. Do you need to install type definitions for a test runner? Try `npm i --save-dev @types/jest` or `npm i --save-dev @types/mocha`.
components/organisms/debug/__tests__/tabs.test.tsx(124,17): error TS2739: Type '{ singletons: { Player: { x: number; y: number; }; }; runtime: never[]; persistent: {}; timestamp: number; }' is missing the following properties from type 'EntitySnapshot': entities, totalCount
components/organisms/debug/__tests__/tabs.test.tsx(132,9): error TS2304: Cannot find name 'expect'.
components/organisms/debug/__tests__/tabs.test.tsx(133,9): error TS2304: Cannot find name 'expect'.
components/organisms/debug/__tests__/tabs.test.tsx(137,1): error TS2582: Cannot find name 'describe'. Do you need to install type definitions for a test runner? Try `npm i --save-dev @types/jest` or `npm i --save-dev @types/mocha`.
components/organisms/debug/__tests__/tabs.test.tsx(138,5): error TS2582: Cannot find name 'it'. Do you need to install type definitions for a test runner? Try `npm i --save-dev @types/jest` or `npm i --save-dev @types/mocha`.
components/organisms/debug/__tests__/tabs.test.tsx(140,9): error TS2304: Cannot find name 'expect'.
components/organisms/debug/__tests__/tabs.test.tsx(143,5): error TS2582: Cannot find name 'it'. Do you need to install type definitions for a test runner? Try `npm i --save-dev @types/jest` or `npm i --save-dev @types/mocha`.
components/organisms/debug/__tests__/tabs.test.tsx(154,30): error TS2322: Type '{ id: string; timestamp: number; type: "trait"; source: string; message: string; }[]' is not assignable to type 'DebugEvent[]'.
  Type '{ id: string; timestamp: number; type: "trait"; source: string; message: string; }' is not assignable to type 'DebugEvent'.
    Types of property 'type' are incompatible.
      Type '"trait"' is not assignable to type 'DebugEventType'.
components/organisms/debug/__tests__/tabs.test.tsx(155,9): error TS2304: Cannot find name 'expect'.
components/organisms/debug/__tests__/tabs.test.tsx(156,9): error TS2304: Cannot find name 'expect'.
components/organisms/debug/__tests__/tabs.test.tsx(159,5): error TS2582: Cannot find name 'it'. Do you need to install type definitions for a test runner? Try `npm i --save-dev @types/jest` or `npm i --save-dev @types/mocha`.
components/organisms/debug/__tests__/tabs.test.tsx(170,30): error TS2322: Type '{ id: string; timestamp: number; type: "trait"; source: string; message: string; }[]' is not assignable to type 'DebugEvent[]'.
  Type '{ id: string; timestamp: number; type: "trait"; source: string; message: string; }' is not assignable to type 'DebugEvent'.
    Types of property 'type' are incompatible.
      Type '"trait"' is not assignable to type 'DebugEventType'.
components/organisms/debug/__tests__/tabs.test.tsx(171,9): error TS2304: Cannot find name 'expect'.
components/organisms/debug/__tests__/tabs.test.tsx(175,1): error TS2582: Cannot find name 'describe'. Do you need to install type definitions for a test runner? Try `npm i --save-dev @types/jest` or `npm i --save-dev @types/mocha`.
components/organisms/debug/__tests__/tabs.test.tsx(176,5): error TS2582: Cannot find name 'it'. Do you need to install type definitions for a test runner? Try `npm i --save-dev @types/jest` or `npm i --save-dev @types/mocha`.
components/organisms/debug/__tests__/tabs.test.tsx(178,9): error TS2304: Cannot find name 'expect'.
components/organisms/debug/__tests__/tabs.test.tsx(181,5): error TS2582: Cannot find name 'it'. Do you need to install type definitions for a test runner? Try `npm i --save-dev @types/jest` or `npm i --save-dev @types/mocha`.
components/organisms/debug/__tests__/tabs.test.tsx(200,29): error TS2322: Type '{ id: string; timestamp: number; guardName: string; expression: string; context: { type: "transition"; traitName: string; transitionFrom: string; transitionTo: string; transitionEvent: string; }; inputs: { ...; }; result: boolean; }[]' is not assignable to type 'GuardEvaluation[]'.
  Property 'traitName' is missing in type '{ id: string; timestamp: number; guardName: string; expression: string; context: { type: "transition"; traitName: string; transitionFrom: string; transitionTo: string; transitionEvent: string; }; inputs: { ...; }; result: boolean; }' but required in type 'GuardEvaluation'.
components/organisms/debug/__tests__/tabs.test.tsx(201,9): error TS2304: Cannot find name 'expect'.
components/organisms/debug/__tests__/tabs.test.tsx(202,9): error TS2304: Cannot find name 'expect'.
components/organisms/debug/__tests__/tabs.test.tsx(205,5): error TS2582: Cannot find name 'it'. Do you need to install type definitions for a test runner? Try `npm i --save-dev @types/jest` or `npm i --save-dev @types/mocha`.
components/organisms/debug/__tests__/tabs.test.tsx(227,29): error TS2322: Type '{ id: string; timestamp: number; guardName: string; expression: string; context: { type: "transition"; traitName: string; }; inputs: {}; result: boolean; }[]' is not assignable to type 'GuardEvaluation[]'.
  Property 'traitName' is missing in type '{ id: string; timestamp: number; guardName: string; expression: string; context: { type: "transition"; traitName: string; }; inputs: {}; result: boolean; }' but required in type 'GuardEvaluation'.
components/organisms/debug/__tests__/tabs.test.tsx(228,9): error TS2304: Cannot find name 'expect'.
components/organisms/debug/__tests__/tabs.test.tsx(229,9): error TS2304: Cannot find name 'expect'.
components/templates/DashboardLayout.tsx(18,32): error TS2307: Cannot find module '@/features/auth' or its corresponding type declarations.
components/templates/DashboardLayout.tsx(199,31): error TS7006: Parameter 'n' implicitly has an 'any' type.
components/templates/__tests__/CounterTemplate.test.tsx(18,38): error TS2339: Property 'toBeInTheDocument' does not exist on type 'Assertion<HTMLElement>'.
components/templates/__tests__/CounterTemplate.test.tsx(23,46): error TS2339: Property 'toBeInTheDocument' does not exist on type 'Assertion<HTMLElement>'.
components/templates/__tests__/CounterTemplate.test.tsx(35,41): error TS2339: Property 'toBeInTheDocument' does not exist on type 'Assertion<HTMLElement>'.
components/templates/__tests__/CounterTemplate.test.tsx(40,47): error TS2339: Property 'toBeInTheDocument' does not exist on type 'Assertion<HTMLElement | null>'.
components/templates/__tests__/CounterTemplate.test.tsx(101,31): error TS2339: Property 'toBeDisabled' does not exist on type 'Assertion<HTMLElement>'.
components/templates/__tests__/CounterTemplate.test.tsx(112,31): error TS2339: Property 'toBeDisabled' does not exist on type 'Assertion<HTMLElement>'.
components/templates/__tests__/CounterTemplate.test.tsx(120,55): error TS2339: Property 'toBeInTheDocument' does not exist on type 'Assertion<Element | null>'.
components/templates/__tests__/CounterTemplate.test.tsx(125,43): error TS2339: Property 'toBeInTheDocument' does not exist on type 'Assertion<HTMLElement>'.
components/templates/__tests__/CounterTemplate.test.tsx(130,42): error TS2339: Property 'toBeInTheDocument' does not exist on type 'Assertion<HTMLElement>'.
components/templates/__tests__/FormTemplate.test.tsx(18,48): error TS2339: Property 'toBeInTheDocument' does not exist on type 'Assertion<HTMLElement>'.
components/templates/__tests__/FormTemplate.test.tsx(23,48): error TS2339: Property 'toBeInTheDocument' does not exist on type 'Assertion<HTMLElement>'.
components/templates/__tests__/FormTemplate.test.tsx(29,40): error TS2339: Property 'toBeInTheDocument' does not exist on type 'Assertion<HTMLElement>'.
components/templates/__tests__/FormTemplate.test.tsx(30,41): error TS2339: Property 'toBeInTheDocument' does not exist on type 'Assertion<HTMLElement>'.
components/templates/__tests__/FormTemplate.test.tsx(31,43): error TS2339: Property 'toBeInTheDocument' does not exist on type 'Assertion<HTMLElement>'.
components/templates/__tests__/FormTemplate.test.tsx(42,43): error TS2339: Property 'toBeInTheDocument' does not exist on type 'Assertion<HTMLElement>'.
components/templates/__tests__/FormTemplate.test.tsx(43,41): error TS2339: Property 'toBeInTheDocument' does not exist on type 'Assertion<HTMLElement>'.
components/templates/__tests__/FormTemplate.test.tsx(48,48): error TS2339: Property 'toBeInTheDocument' does not exist on type 'Assertion<HTMLElement>'.
components/templates/__tests__/FormTemplate.test.tsx(53,41): error TS2339: Property 'toBeInTheDocument' does not exist on type 'Assertion<HTMLElement>'.
components/templates/__tests__/FormTemplate.test.tsx(58,47): error TS2339: Property 'toBeInTheDocument' does not exist on type 'Assertion<HTMLElement | null>'.
components/templates/__tests__/FormTemplate.test.tsx(67,28): error TS2339: Property 'toBeDisabled' does not exist on type 'Assertion<HTMLElement>'.
components/templates/__tests__/FormTemplate.test.tsx(72,46): error TS2339: Property 'toBeInTheDocument' does not exist on type 'Assertion<HTMLElement>'.
components/templates/__tests__/FormTemplate.test.tsx(73,44): error TS2339: Property 'toBeInTheDocument' does not exist on type 'Assertion<HTMLElement>'.
components/templates/__tests__/FormTemplate.test.tsx(78,53): error TS2339: Property 'toBeInTheDocument' does not exist on type 'Assertion<HTMLElement>'.
components/templates/__tests__/FormTemplate.test.tsx(87,57): error TS2339: Property 'toBeInTheDocument' does not exist on type 'Assertion<HTMLElement>'.
components/templates/__tests__/FormTemplate.test.tsx(159,43): error TS2339: Property 'toBeInTheDocument' does not exist on type 'Assertion<HTMLElement>'.
components/templates/__tests__/FormTemplate.test.tsx(176,44): error TS2339: Property 'toBeInTheDocument' does not exist on type 'Assertion<HTMLElement>'.
components/templates/__tests__/FormTemplate.test.tsx(177,49): error TS2339: Property 'toBeInTheDocument' does not exist on type 'Assertion<HTMLElement>'.
components/templates/__tests__/FormTemplate.test.tsx(186,44): error TS2339: Property 'toBeInTheDocument' does not exist on type 'Assertion<HTMLElement>'.
components/templates/__tests__/FormTemplate.test.tsx(194,55): error TS2339: Property 'toBeInTheDocument' does not exist on type 'Assertion<Element | null>'.
components/templates/__tests__/FormTemplate.test.tsx(199,43): error TS2339: Property 'toBeInTheDocument' does not exist on type 'Assertion<HTMLElement>'.
components/templates/__tests__/FormTemplate.test.tsx(205,65): error TS2339: Property 'toBeInTheDocument' does not exist on type 'Assertion<Element | null>'.
components/templates/__tests__/ListTemplate.test.tsx(25,46): error TS2339: Property 'toBeInTheDocument' does not exist on type 'Assertion<HTMLElement>'.
components/templates/__tests__/ListTemplate.test.tsx(26,47): error TS2339: Property 'toBeInTheDocument' does not exist on type 'Assertion<HTMLElement>'.
components/templates/__tests__/ListTemplate.test.tsx(27,46): error TS2339: Property 'toBeInTheDocument' does not exist on type 'Assertion<HTMLElement>'.
components/templates/__tests__/ListTemplate.test.tsx(32,44): error TS2339: Property 'toBeInTheDocument' does not exist on type 'Assertion<HTMLElement>'.
components/templates/__tests__/ListTemplate.test.tsx(37,48): error TS2339: Property 'toBeInTheDocument' does not exist on type 'Assertion<HTMLElement>'.
components/templates/__tests__/ListTemplate.test.tsx(43,55): error TS2339: Property 'toBeInTheDocument' does not exist on type 'Assertion<Element | null>'.
components/templates/__tests__/ListTemplate.test.tsx(56,39): error TS2339: Property 'toBeInTheDocument' does not exist on type 'Assertion<HTMLElement>'.
components/templates/__tests__/ListTemplate.test.tsx(57,42): error TS2339: Property 'toBeInTheDocument' does not exist on type 'Assertion<HTMLElement>'.
components/templates/__tests__/ListTemplate.test.tsx(58,45): error TS2339: Property 'toBeInTheDocument' does not exist on type 'Assertion<HTMLElement>'.
components/templates/__tests__/ListTemplate.test.tsx(64,53): error TS2339: Property 'toBeInTheDocument' does not exist on type 'Assertion<HTMLElement>'.
components/templates/__tests__/ListTemplate.test.tsx(123,46): error TS2339: Property 'toBeInTheDocument' does not exist on type 'Assertion<HTMLElement>'.
components/templates/__tests__/ListTemplate.test.tsx(124,47): error TS2339: Property 'toBeInTheDocument' does not exist on type 'Assertion<HTMLElement>'.
components/templates/__tests__/ListTemplate.test.tsx(125,46): error TS2339: Property 'toBeInTheDocument' does not exist on type 'Assertion<HTMLElement>'.
components/templates/__tests__/ListTemplate.test.tsx(131,46): error TS2339: Property 'toBeInTheDocument' does not exist on type 'Assertion<HTMLElement>'.
components/templates/__tests__/ListTemplate.test.tsx(132,53): error TS2339: Property 'toBeInTheDocument' does not exist on type 'Assertion<HTMLElement | null>'.
components/templates/__tests__/ListTemplate.test.tsx(133,46): error TS2339: Property 'toBeInTheDocument' does not exist on type 'Assertion<HTMLElement>'.
components/templates/__tests__/ListTemplate.test.tsx(139,52): error TS2339: Property 'toBeInTheDocument' does not exist on type 'Assertion<HTMLElement | null>'.
components/templates/__tests__/ListTemplate.test.tsx(140,47): error TS2339: Property 'toBeInTheDocument' does not exist on type 'Assertion<HTMLElement>'.
components/templates/__tests__/ListTemplate.test.tsx(141,52): error TS2339: Property 'toBeInTheDocument' does not exist on type 'Assertion<HTMLElement | null>'.
components/templates/__tests__/ListTemplate.test.tsx(149,49): error TS2339: Property 'toBeInTheDocument' does not exist on type 'Assertion<HTMLElement | null>'.
components/templates/__tests__/ListTemplate.test.tsx(154,43): error TS2339: Property 'toBeInTheDocument' does not exist on type 'Assertion<HTMLElement>'.
components/templates/__tests__/ListTemplate.test.tsx(160,41): error TS2339: Property 'toBeInTheDocument' does not exist on type 'Assertion<HTMLElement>'.
components/templates/__tests__/SettingsTemplate.test.tsx(28,48): error TS2339: Property 'toBeInTheDocument' does not exist on type 'Assertion<HTMLElement>'.
components/templates/__tests__/SettingsTemplate.test.tsx(34,43): error TS2339: Property 'toBeInTheDocument' does not exist on type 'Assertion<HTMLElement>'.
components/templates/__tests__/SettingsTemplate.test.tsx(35,49): error TS2339: Property 'toBeInTheDocument' does not exist on type 'Assertion<HTMLElement>'.
components/templates/__tests__/SettingsTemplate.test.tsx(49,43): error TS2339: Property 'toBeInTheDocument' does not exist on type 'Assertion<HTMLElement>'.
components/templates/__tests__/SettingsTemplate.test.tsx(50,45): error TS2339: Property 'toBeInTheDocument' does not exist on type 'Assertion<HTMLElement>'.
components/templates/__tests__/SettingsTemplate.test.tsx(55,40): error TS2339: Property 'toBeInTheDocument' does not exist on type 'Assertion<HTMLElement>'.
components/templates/__tests__/SettingsTemplate.test.tsx(61,66): error TS2339: Property 'toBeInTheDocument' does not exist on type 'Assertion<HTMLElement>'.
components/templates/__tests__/SettingsTemplate.test.tsx(69,26): error TS2339: Property 'toBeDisabled' does not exist on type 'Assertion<HTMLElement>'.
components/templates/__tests__/SettingsTemplate.test.tsx(75,30): error TS2339: Property 'toBeDisabled' does not exist on type 'Assertion<HTMLElement>'.
components/templates/__tests__/SettingsTemplate.test.tsx(81,26): error TS2339: Property 'toBeDisabled' does not exist on type 'Assertion<HTMLElement>'.
components/templates/__tests__/SettingsTemplate.test.tsx(86,50): error TS2339: Property 'toBeInTheDocument' does not exist on type 'Assertion<HTMLElement>'.
components/templates/__tests__/SettingsTemplate.test.tsx(91,51): error TS2339: Property 'toBeInTheDocument' does not exist on type 'Assertion<HTMLElement>'.
components/templates/__tests__/SettingsTemplate.test.tsx(96,42): error TS2339: Property 'toBeInTheDocument' does not exist on type 'Assertion<HTMLElement>'.
components/templates/__tests__/SettingsTemplate.test.tsx(170,44): error TS2339: Property 'toBeInTheDocument' does not exist on type 'Assertion<HTMLElement>'.
components/templates/__tests__/SettingsTemplate.test.tsx(184,44): error TS2339: Property 'toBeInTheDocument' does not exist on type 'Assertion<HTMLElement>'.
components/templates/__tests__/SettingsTemplate.test.tsx(198,43): error TS2339: Property 'toBeInTheDocument' does not exist on type 'Assertion<HTMLElement>'.
components/templates/__tests__/SettingsTemplate.test.tsx(206,55): error TS2339: Property 'toBeInTheDocument' does not exist on type 'Assertion<Element | null>'.
components/templates/__tests__/SettingsTemplate.test.tsx(211,44): error TS2339: Property 'toBeInTheDocument' does not exist on type 'Assertion<HTMLElement>'.
components/templates/__tests__/SettingsTemplate.test.tsx(223,47): error TS2339: Property 'toBeInTheDocument' does not exist on type 'Assertion<HTMLElement>'.
renderer/init.ts(14,34): error TS2307: Cannot find module 'orbital-shared/patterns/component-mapping.json' or its corresponding type declarations.
renderer/init.ts(15,26): error TS2307: Cannot find module 'orbital-shared/patterns/registry.json' or its corresponding type declarations.
 ELIFECYCLE  Command failed with exit code 2.
